Determining if the pthread_create exist failed with the following output:
Change Dir: /home/carlos/catkin_ws/src/surf_vision/build/CMakeFiles/CMakeTmp

Run Build Command:/usr/bin/make "cmTryCompileExec557802152/fast"
/usr/bin/make -f CMakeFiles/cmTryCompileExec557802152.dir/build.make CMakeFiles/cmTryCompileExec557802152.dir/build
make[1]: se ingresa al directorio «/home/carlos/catkin_ws/src/surf_vision/build/CMakeFiles/CMakeTmp»
/usr/bin/cmake -E cmake_progress_report /home/carlos/catkin_ws/src/surf_vision/build/CMakeFiles/CMakeTmp/CMakeFiles 1
Building C object CMakeFiles/cmTryCompileExec557802152.dir/CheckSymbolExists.c.o
/usr/bin/cc    -o CMakeFiles/cmTryCompileExec557802152.dir/CheckSymbolExists.c.o   -c /home/carlos/catkin_ws/src/surf_vision/build/CMakeFiles/CMakeTmp/CheckSymbolExists.c
Linking C executable cmTryCompileExec557802152
/usr/bin/cmake -E cmake_link_script CMakeFiles/cmTryCompileExec557802152.dir/link.txt --verbose=1
/usr/bin/cc       CMakeFiles/cmTryCompileExec557802152.dir/CheckSymbolExists.c.o  -o cmTryCompileExec557802152 -rdynamic 
CMakeFiles/cmTryCompileExec557802152.dir/CheckSymbolExists.c.o: En la función `main':
CheckSymbolExists.c:(.text+0x16): referencia a `pthread_create' sin definir
collect2: error: ld returned 1 exit status
make[1]: *** [cmTryCompileExec557802152] Error 1
make[1]: se sale del directorio «/home/carlos/catkin_ws/src/surf_vision/build/CMakeFiles/CMakeTmp»
make: *** [cmTryCompileExec557802152/fast] Error 2

File /home/carlos/catkin_ws/src/surf_vision/build/CMakeFiles/CMakeTmp/CheckSymbolExists.c:
/* */
#include <pthread.h>

int main(int argc, char** argv)
{
  (void)argv;
#ifndef pthread_create
  return ((int*)(&pthread_create))[argc];
#else
  (void)argc;
  return 0;
#endif
}

Determining if the function pthread_create exists in the pthreads failed with the following output:
Change Dir: /home/carlos/catkin_ws/src/surf_vision/build/CMakeFiles/CMakeTmp

Run Build Command:/usr/bin/make "cmTryCompileExec2914103162/fast"
/usr/bin/make -f CMakeFiles/cmTryCompileExec2914103162.dir/build.make CMakeFiles/cmTryCompileExec2914103162.dir/build
make[1]: se ingresa al directorio «/home/carlos/catkin_ws/src/surf_vision/build/CMakeFiles/CMakeTmp»
/usr/bin/cmake -E cmake_progress_report /home/carlos/catkin_ws/src/surf_vision/build/CMakeFiles/CMakeTmp/CMakeFiles 1
Building C object CMakeFiles/cmTryCompileExec2914103162.dir/CheckFunctionExists.c.o
/usr/bin/cc   -DCHECK_FUNCTION_EXISTS=pthread_create   -o CMakeFiles/cmTryCompileExec2914103162.dir/CheckFunctionExists.c.o   -c /usr/share/cmake-2.8/Modules/CheckFunctionExists.c
Linking C executable cmTryCompileExec2914103162
/usr/bin/cmake -E cmake_link_script CMakeFiles/cmTryCompileExec2914103162.dir/link.txt --verbose=1
/usr/bin/cc   -DCHECK_FUNCTION_EXISTS=pthread_create    CMakeFiles/cmTryCompileExec2914103162.dir/CheckFunctionExists.c.o  -o cmTryCompileExec2914103162 -rdynamic -lpthreads 
/usr/bin/ld: no se puede encontrar -lpthreads
collect2: error: ld returned 1 exit status
make[1]: *** [cmTryCompileExec2914103162] Error 1
make[1]: se sale del directorio «/home/carlos/catkin_ws/src/surf_vision/build/CMakeFiles/CMakeTmp»
make: *** [cmTryCompileExec2914103162/fast] Error 2


